#! /usr/local/Cellar/icarus-verilog/10.2_1/bin/vvp
:ivl_version "10.2 (stable)" "(v10_2)";
:ivl_delay_selection "TYPICAL";
:vpi_time_precision - 12;
:vpi_module "system";
:vpi_module "vhdl_sys";
:vpi_module "v2005_math";
:vpi_module "va_math";
S_0x7feaba407f20 .scope module, "tb_lab" "tb_lab" 2 4;
 .timescale -9 -12;
v0x7feaba429be0_0 .var "CLK", 0 0;
v0x7feaba429c70_0 .var/s "correct_ans", 64 0;
v0x7feaba429d00_0 .var "count", 5 0;
v0x7feaba429d90_0 .var "error", 0 0;
v0x7feaba429e30_0 .var "in_a", 31 0;
v0x7feaba429f10_0 .var "in_b", 31 0;
v0x7feaba429fc0_0 .net "out", 63 0, v0x7feaba429760_0;  1 drivers
v0x7feaba42a070_0 .net "out_valid", 0 0, v0x7feaba429850_0;  1 drivers
v0x7feaba42a120_0 .var "reset", 0 0;
v0x7feaba42a250_0 .var/s "temp_a", 63 0;
v0x7feaba42a2e0_0 .var/s "temp_b", 63 0;
S_0x7feaba4031d0 .scope module, "m1" "lab" 2 18, 3 2 0, S_0x7feaba407f20;
 .timescale -9 -12;
    .port_info 0 /INPUT 1 "CLK"
    .port_info 1 /INPUT 1 "RST"
    .port_info 2 /INPUT 32 "in_a"
    .port_info 3 /INPUT 32 "in_b"
    .port_info 4 /OUTPUT 64 "Product"
    .port_info 5 /OUTPUT 1 "Product_Valid"
v0x7feaba414440_0 .net "CLK", 0 0, v0x7feaba429be0_0;  1 drivers
v0x7feaba429560_0 .var "Counter", 6 0;
v0x7feaba429600_0 .var "Mplicand", 31 0;
v0x7feaba4296b0_0 .var "Mplier", 31 0;
v0x7feaba429760_0 .var "Product", 63 0;
v0x7feaba429850_0 .var "Product_Valid", 0 0;
v0x7feaba4298f0_0 .net "RST", 0 0, v0x7feaba42a120_0;  1 drivers
v0x7feaba429990_0 .net "in_a", 31 0, v0x7feaba429e30_0;  1 drivers
v0x7feaba429a40_0 .net "in_b", 31 0, v0x7feaba429f10_0;  1 drivers
E_0x7feaba4128a0 .event posedge, v0x7feaba4298f0_0, v0x7feaba414440_0;
E_0x7feaba412b40 .event negedge, v0x7feaba414440_0;
    .scope S_0x7feaba4031d0;
T_0 ;
    %wait E_0x7feaba4128a0;
    %load/vec4 v0x7feaba4298f0_0;
    %flag_set/vec4 8;
    %jmp/0xz  T_0.0, 8;
    %pushi/vec4 0, 0, 7;
    %assign/vec4 v0x7feaba429560_0, 0;
    %jmp T_0.1;
T_0.0 ;
    %load/vec4 v0x7feaba429560_0;
    %addi 1, 0, 7;
    %assign/vec4 v0x7feaba429560_0, 0;
T_0.1 ;
    %jmp T_0;
    .thread T_0;
    .scope S_0x7feaba4031d0;
T_1 ;
    %wait E_0x7feaba412b40;
    %load/vec4 v0x7feaba429560_0;
    %cmpi/u 32, 0, 7;
    %flag_or 5, 4;
    %jmp/0xz  T_1.0, 5;
    %load/vec4 v0x7feaba429760_0;
    %ix/load 4, 1, 0;
    %flag_set/imm 4, 0;
    %shiftr 4;
    %assign/vec4 v0x7feaba429760_0, 0;
T_1.0 ;
    %jmp T_1;
    .thread T_1;
    .scope S_0x7feaba4031d0;
T_2 ;
    %wait E_0x7feaba4128a0;
    %load/vec4 v0x7feaba4298f0_0;
    %flag_set/vec4 8;
    %jmp/0xz  T_2.0, 8;
    %pushi/vec4 0, 0, 64;
    %assign/vec4 v0x7feaba429760_0, 0;
    %pushi/vec4 0, 0, 32;
    %assign/vec4 v0x7feaba429600_0, 0;
    %pushi/vec4 0, 0, 32;
    %assign/vec4 v0x7feaba4296b0_0, 0;
    %jmp T_2.1;
T_2.0 ;
    %load/vec4 v0x7feaba429560_0;
    %cmpi/e 0, 0, 7;
    %jmp/0xz  T_2.2, 4;
    %load/vec4 v0x7feaba429990_0;
    %assign/vec4 v0x7feaba429600_0, 0;
    %load/vec4 v0x7feaba429a40_0;
    %assign/vec4 v0x7feaba4296b0_0, 0;
    %jmp T_2.3;
T_2.2 ;
    %load/vec4 v0x7feaba429560_0;
    %cmpi/u 32, 0, 7;
    %flag_or 5, 4;
    %jmp/0xz  T_2.4, 5;
    %load/vec4 v0x7feaba4296b0_0;
    %parti/s 1, 0, 2;
    %cmpi/e 1, 0, 1;
    %jmp/0xz  T_2.6, 4;
    %load/vec4 v0x7feaba429600_0;
    %pad/u 33;
    %load/vec4 v0x7feaba429760_0;
    %parti/s 33, 31, 6;
    %add;
    %ix/load 4, 31, 0;
    %ix/load 5, 0, 0;
    %flag_set/imm 4, 0;
    %assign/vec4/off/d v0x7feaba429760_0, 4, 5;
T_2.6 ;
    %load/vec4 v0x7feaba4296b0_0;
    %ix/load 4, 1, 0;
    %flag_set/imm 4, 0;
    %shiftr 4;
    %assign/vec4 v0x7feaba4296b0_0, 0;
T_2.4 ;
T_2.3 ;
T_2.1 ;
    %jmp T_2;
    .thread T_2;
    .scope S_0x7feaba4031d0;
T_3 ;
    %wait E_0x7feaba4128a0;
    %load/vec4 v0x7feaba4298f0_0;
    %flag_set/vec4 8;
    %jmp/0xz  T_3.0, 8;
    %pushi/vec4 0, 0, 1;
    %assign/vec4 v0x7feaba429850_0, 0;
    %jmp T_3.1;
T_3.0 ;
    %load/vec4 v0x7feaba429560_0;
    %cmpi/e 32, 0, 7;
    %jmp/0xz  T_3.2, 4;
    %pushi/vec4 1, 0, 1;
    %assign/vec4 v0x7feaba429850_0, 0;
    %jmp T_3.3;
T_3.2 ;
    %pushi/vec4 0, 0, 1;
    %assign/vec4 v0x7feaba429850_0, 0;
T_3.3 ;
T_3.1 ;
    %jmp T_3;
    .thread T_3;
    .scope S_0x7feaba407f20;
T_4 ;
    %vpi_call 2 21 "$dumpfile", "lab11.vcd" {0 0 0};
    %vpi_call 2 22 "$dumpvars" {0 0 0};
    %pushi/vec4 0, 0, 1;
    %store/vec4 v0x7feaba429be0_0, 0, 1;
    %delay 10000, 0;
    %pushi/vec4 1, 0, 1;
    %store/vec4 v0x7feaba42a120_0, 0, 1;
    %pushi/vec4 30, 0, 64;
    %store/vec4 v0x7feaba42a250_0, 0, 64;
    %pushi/vec4 90, 0, 64;
    %store/vec4 v0x7feaba42a2e0_0, 0, 64;
    %delay 20000, 0;
    %pushi/vec4 0, 0, 1;
    %store/vec4 v0x7feaba42a120_0, 0, 1;
    %delay 680000, 0;
    %pushi/vec4 1, 0, 1;
    %store/vec4 v0x7feaba42a120_0, 0, 1;
    %pushi/vec4 30, 0, 64;
    %store/vec4 v0x7feaba42a250_0, 0, 64;
    %pushi/vec4 4294967295, 0, 32;
    %concati/vec4 4294967206, 0, 32;
    %store/vec4 v0x7feaba42a2e0_0, 0, 64;
    %delay 20000, 0;
    %pushi/vec4 0, 0, 1;
    %store/vec4 v0x7feaba42a120_0, 0, 1;
    %delay 680000, 0;
    %pushi/vec4 1, 0, 1;
    %store/vec4 v0x7feaba42a120_0, 0, 1;
    %pushi/vec4 4294967295, 0, 32;
    %concati/vec4 4294967266, 0, 32;
    %store/vec4 v0x7feaba42a250_0, 0, 64;
    %pushi/vec4 90, 0, 64;
    %store/vec4 v0x7feaba42a2e0_0, 0, 64;
    %delay 20000, 0;
    %pushi/vec4 0, 0, 1;
    %store/vec4 v0x7feaba42a120_0, 0, 1;
    %delay 680000, 0;
    %pushi/vec4 1, 0, 1;
    %store/vec4 v0x7feaba42a120_0, 0, 1;
    %pushi/vec4 4294967295, 0, 32;
    %concati/vec4 4294967266, 0, 32;
    %store/vec4 v0x7feaba42a250_0, 0, 64;
    %pushi/vec4 4294967295, 0, 32;
    %concati/vec4 4294967206, 0, 32;
    %store/vec4 v0x7feaba42a2e0_0, 0, 64;
    %delay 20000, 0;
    %pushi/vec4 0, 0, 1;
    %store/vec4 v0x7feaba42a120_0, 0, 1;
    %delay 680000, 0;
    %pushi/vec4 1, 0, 1;
    %store/vec4 v0x7feaba42a120_0, 0, 1;
    %pushi/vec4 4294967295, 0, 64;
    %store/vec4 v0x7feaba42a250_0, 0, 64;
    %pushi/vec4 4294967295, 0, 64;
    %store/vec4 v0x7feaba42a2e0_0, 0, 64;
    %delay 20000, 0;
    %pushi/vec4 0, 0, 1;
    %store/vec4 v0x7feaba42a120_0, 0, 1;
    %delay 680000, 0;
    %pushi/vec4 1, 0, 1;
    %store/vec4 v0x7feaba42a120_0, 0, 1;
    %pushi/vec4 2147483648, 0, 63;
    %concati/vec4 0, 0, 1;
    %store/vec4 v0x7feaba42a250_0, 0, 64;
    %pushi/vec4 1, 0, 64;
    %store/vec4 v0x7feaba42a2e0_0, 0, 64;
    %delay 20000, 0;
    %pushi/vec4 0, 0, 1;
    %store/vec4 v0x7feaba42a120_0, 0, 1;
    %delay 680000, 0;
    %pushi/vec4 1, 0, 1;
    %store/vec4 v0x7feaba42a120_0, 0, 1;
    %pushi/vec4 2147483648, 0, 63;
    %concati/vec4 1, 0, 1;
    %store/vec4 v0x7feaba42a250_0, 0, 64;
    %pushi/vec4 1, 0, 64;
    %store/vec4 v0x7feaba42a2e0_0, 0, 64;
    %delay 20000, 0;
    %pushi/vec4 0, 0, 1;
    %store/vec4 v0x7feaba42a120_0, 0, 1;
    %delay 680000, 0;
    %vpi_call 2 60 "$finish" {0 0 0};
    %end;
    .thread T_4;
    .scope S_0x7feaba407f20;
T_5 ;
    %delay 10000, 0;
    %load/vec4 v0x7feaba429be0_0;
    %inv;
    %store/vec4 v0x7feaba429be0_0, 0, 1;
    %jmp T_5;
    .thread T_5;
    .scope S_0x7feaba407f20;
T_6 ;
    %wait E_0x7feaba4128a0;
    %load/vec4 v0x7feaba42a120_0;
    %flag_set/vec4 8;
    %jmp/0xz  T_6.0, 8;
    %pushi/vec4 0, 0, 6;
    %assign/vec4 v0x7feaba429d00_0, 0;
    %load/vec4 v0x7feaba42a250_0;
    %pad/s 32;
    %assign/vec4 v0x7feaba429e30_0, 0;
    %load/vec4 v0x7feaba42a2e0_0;
    %pad/s 32;
    %assign/vec4 v0x7feaba429f10_0, 0;
    %pushi/vec4 0, 0, 65;
    %assign/vec4 v0x7feaba429c70_0, 0;
    %pushi/vec4 0, 0, 1;
    %assign/vec4 v0x7feaba429d90_0, 0;
    %jmp T_6.1;
T_6.0 ;
    %load/vec4 v0x7feaba42a250_0;
    %pad/s 65;
    %load/vec4 v0x7feaba42a2e0_0;
    %pad/s 65;
    %mul;
    %assign/vec4 v0x7feaba429c70_0, 0;
    %load/vec4 v0x7feaba429d00_0;
    %addi 1, 0, 6;
    %assign/vec4 v0x7feaba429d00_0, 0;
    %load/vec4 v0x7feaba42a070_0;
    %pad/u 32;
    %cmpi/e 1, 0, 32;
    %jmp/0xz  T_6.2, 4;
    %load/vec4 v0x7feaba429fc0_0;
    %pad/u 65;
    %load/vec4 v0x7feaba429c70_0;
    %cmp/ne;
    %jmp/0xz  T_6.4, 4;
    %pushi/vec4 1, 0, 1;
    %assign/vec4 v0x7feaba429d90_0, 0;
    %vpi_call 2 85 "$display" {0 0 0};
    %vpi_call 2 86 "$display", "// Fail //" {0 0 0};
    %vpi_call 2 87 "$display", "//%d * %d = ?", v0x7feaba42a250_0, v0x7feaba42a2e0_0 {0 0 0};
    %vpi_call 2 88 "$display", "//your answer is %d, but correct answer is %d\012", v0x7feaba429fc0_0, v0x7feaba429c70_0 {0 0 0};
    %jmp T_6.5;
T_6.4 ;
    %pushi/vec4 0, 0, 1;
    %assign/vec4 v0x7feaba429d90_0, 0;
    %vpi_call 2 95 "$display" {0 0 0};
    %vpi_call 2 96 "$display", "// Successful //" {0 0 0};
    %vpi_call 2 97 "$display", "//%d * %d = ?", v0x7feaba42a250_0, v0x7feaba42a2e0_0 {0 0 0};
    %vpi_call 2 98 "$display", "//your answer is %d,  correct answer is %d\012", v0x7feaba429fc0_0, v0x7feaba429c70_0 {0 0 0};
T_6.5 ;
T_6.2 ;
T_6.1 ;
    %jmp T_6;
    .thread T_6;
# The file index is used to find the file name in the following table.
:file_names 4;
    "N/A";
    "<interactive>";
    "tb32optimizempy.v";
    "./32optimizempy.v";
