#! /usr/local/Cellar/icarus-verilog/10.2_1/bin/vvp
:ivl_version "10.2 (stable)" "(v10_2)";
:ivl_delay_selection "TYPICAL";
:vpi_time_precision - 12;
:vpi_module "system";
:vpi_module "vhdl_sys";
:vpi_module "v2005_math";
:vpi_module "va_math";
S_0x7fd6f4f0d440 .scope module, "tb_lab" "tb_lab" 2 4;
 .timescale -9 -12;
v0x7fd6f4f23890_0 .var "CLK", 0 0;
v0x7fd6f4f23950_0 .var/s "correct_ans", 64 0;
v0x7fd6f4f239e0_0 .var "count", 5 0;
v0x7fd6f4f23a70_0 .var "error", 0 0;
v0x7fd6f4f23b10_0 .var "in_a", 31 0;
v0x7fd6f4f23bf0_0 .var "in_b", 31 0;
v0x7fd6f4f23ca0_0 .net/s "out", 63 0, v0x7fd6f4f23100_0;  1 drivers
v0x7fd6f4f23d50_0 .net "out_valid", 0 0, v0x7fd6f4f231b0_0;  1 drivers
v0x7fd6f4f23e00_0 .var "reset", 0 0;
v0x7fd6f4f23f30_0 .var/s "temp_a", 63 0;
v0x7fd6f4f23fc0_0 .var/s "temp_b", 63 0;
L_0x7fd6f4f24050 .part v0x7fd6f4f23b10_0, 31, 1;
S_0x7fd6f4f13290 .scope module, "m1" "booth" 2 18, 3 2 0, S_0x7fd6f4f0d440;
 .timescale -9 -12;
    .port_info 0 /INPUT 32 "in_a"
    .port_info 1 /INPUT 32 "in_b"
    .port_info 2 /INPUT 1 "sign"
    .port_info 3 /INPUT 1 "clk"
    .port_info 4 /INPUT 1 "rst"
    .port_info 5 /OUTPUT 64 "Product"
    .port_info 6 /OUTPUT 1 "Product_Valid"
v0x7fd6f4f0c7f0_0 .var "Counter", 6 0;
v0x7fd6f4f23060_0 .var/s "M", 31 0;
v0x7fd6f4f23100_0 .var "Product", 63 0;
v0x7fd6f4f231b0_0 .var "Product_Valid", 0 0;
v0x7fd6f4f23250_0 .var/s "Q", 63 0;
v0x7fd6f4f23340_0 .var "Q_1", 0 0;
v0x7fd6f4f233e0_0 .net "clk", 0 0, v0x7fd6f4f23890_0;  1 drivers
o0x106bb4158 .functor BUFZ 1, C4<z>; HiZ drive
v0x7fd6f4f23480_0 .net "flag", 0 0, o0x106bb4158;  0 drivers
v0x7fd6f4f23520_0 .net "in_a", 31 0, v0x7fd6f4f23b10_0;  1 drivers
v0x7fd6f4f23630_0 .net "in_b", 31 0, v0x7fd6f4f23bf0_0;  1 drivers
v0x7fd6f4f236e0_0 .net "rst", 0 0, v0x7fd6f4f23e00_0;  1 drivers
v0x7fd6f4f23780_0 .net "sign", 0 0, L_0x7fd6f4f24050;  1 drivers
E_0x7fd6f4f0a4e0 .event posedge, v0x7fd6f4f236e0_0, v0x7fd6f4f233e0_0;
    .scope S_0x7fd6f4f13290;
T_0 ;
    %wait E_0x7fd6f4f0a4e0;
    %load/vec4 v0x7fd6f4f236e0_0;
    %flag_set/vec4 8;
    %jmp/0xz  T_0.0, 8;
    %pushi/vec4 0, 0, 7;
    %assign/vec4 v0x7fd6f4f0c7f0_0, 0;
    %jmp T_0.1;
T_0.0 ;
    %load/vec4 v0x7fd6f4f0c7f0_0;
    %addi 1, 0, 7;
    %assign/vec4 v0x7fd6f4f0c7f0_0, 0;
T_0.1 ;
    %jmp T_0;
    .thread T_0;
    .scope S_0x7fd6f4f13290;
T_1 ;
    %wait E_0x7fd6f4f0a4e0;
    %load/vec4 v0x7fd6f4f236e0_0;
    %flag_set/vec4 8;
    %jmp/0xz  T_1.0, 8;
    %pushi/vec4 0, 0, 64;
    %assign/vec4 v0x7fd6f4f23250_0, 0;
    %pushi/vec4 0, 0, 32;
    %assign/vec4 v0x7fd6f4f23060_0, 0;
    %pushi/vec4 0, 0, 1;
    %assign/vec4 v0x7fd6f4f23340_0, 0;
    %pushi/vec4 0, 0, 64;
    %assign/vec4 v0x7fd6f4f23100_0, 0;
    %jmp T_1.1;
T_1.0 ;
    %load/vec4 v0x7fd6f4f0c7f0_0;
    %cmpi/e 0, 0, 7;
    %jmp/0xz  T_1.2, 4;
    %load/vec4 v0x7fd6f4f23520_0;
    %cmpi/e 0, 0, 32;
    %flag_mov 8, 4;
    %load/vec4 v0x7fd6f4f23630_0;
    %cmpi/e 0, 0, 32;
    %flag_or 4, 8;
    %jmp/0xz  T_1.4, 4;
    %pushi/vec4 0, 0, 64;
    %assign/vec4 v0x7fd6f4f23100_0, 0;
T_1.4 ;
T_1.2 ;
T_1.1 ;
    %jmp T_1;
    .thread T_1;
    .scope S_0x7fd6f4f13290;
T_2 ;
    %wait E_0x7fd6f4f0a4e0;
    %load/vec4 v0x7fd6f4f236e0_0;
    %flag_set/vec4 8;
    %jmp/0xz  T_2.0, 8;
    %pushi/vec4 0, 0, 64;
    %assign/vec4 v0x7fd6f4f23250_0, 0;
    %pushi/vec4 0, 0, 32;
    %assign/vec4 v0x7fd6f4f23060_0, 0;
    %pushi/vec4 0, 0, 1;
    %assign/vec4 v0x7fd6f4f23340_0, 0;
    %pushi/vec4 0, 0, 64;
    %assign/vec4 v0x7fd6f4f23100_0, 0;
    %jmp T_2.1;
T_2.0 ;
    %load/vec4 v0x7fd6f4f0c7f0_0;
    %cmpi/e 0, 0, 7;
    %jmp/0xz  T_2.2, 4;
    %load/vec4 v0x7fd6f4f23780_0;
    %cmpi/e 1, 0, 1;
    %jmp/0xz  T_2.4, 4;
    %pushi/vec4 4294967295, 0, 32;
    %load/vec4 v0x7fd6f4f23520_0;
    %concat/vec4; draw_concat_vec4
    %assign/vec4 v0x7fd6f4f23250_0, 0;
    %jmp T_2.5;
T_2.4 ;
    %pushi/vec4 0, 0, 32;
    %load/vec4 v0x7fd6f4f23520_0;
    %concat/vec4; draw_concat_vec4
    %assign/vec4 v0x7fd6f4f23250_0, 0;
T_2.5 ;
    %load/vec4 v0x7fd6f4f23630_0;
    %assign/vec4 v0x7fd6f4f23060_0, 0;
    %jmp T_2.3;
T_2.2 ;
    %load/vec4 v0x7fd6f4f0c7f0_0;
    %cmpi/u 32, 0, 7;
    %flag_or 5, 4;
    %jmp/0xz  T_2.6, 5;
    %load/vec4 v0x7fd6f4f23060_0;
    %parti/s 1, 0, 2;
    %pushi/vec4 1, 0, 1;
    %cmp/e;
    %flag_get/vec4 4;
    %load/vec4 v0x7fd6f4f23340_0;
    %pushi/vec4 0, 0, 1;
    %cmp/e;
    %flag_get/vec4 4;
    %and;
    %flag_set/vec4 8;
    %jmp/0xz  T_2.8, 8;
    %load/vec4 v0x7fd6f4f23250_0;
    %inv;
    %load/vec4 v0x7fd6f4f23100_0;
    %add;
    %addi 1, 0, 64;
    %assign/vec4 v0x7fd6f4f23100_0, 0;
    %jmp T_2.9;
T_2.8 ;
    %load/vec4 v0x7fd6f4f23060_0;
    %parti/s 1, 0, 2;
    %pushi/vec4 0, 0, 1;
    %cmp/e;
    %flag_get/vec4 4;
    %load/vec4 v0x7fd6f4f23340_0;
    %pushi/vec4 1, 0, 1;
    %cmp/e;
    %flag_get/vec4 4;
    %and;
    %flag_set/vec4 8;
    %jmp/0xz  T_2.10, 8;
    %load/vec4 v0x7fd6f4f23250_0;
    %load/vec4 v0x7fd6f4f23100_0;
    %add;
    %assign/vec4 v0x7fd6f4f23100_0, 0;
T_2.10 ;
T_2.9 ;
    %load/vec4 v0x7fd6f4f23060_0;
    %ix/load 4, 1, 0;
    %flag_set/imm 4, 0;
    %shiftr 4;
    %assign/vec4 v0x7fd6f4f23060_0, 0;
    %load/vec4 v0x7fd6f4f23250_0;
    %ix/load 4, 1, 0;
    %flag_set/imm 4, 0;
    %shiftl 4;
    %assign/vec4 v0x7fd6f4f23250_0, 0;
    %load/vec4 v0x7fd6f4f23060_0;
    %parti/s 1, 0, 2;
    %assign/vec4 v0x7fd6f4f23340_0, 0;
T_2.6 ;
T_2.3 ;
T_2.1 ;
    %jmp T_2;
    .thread T_2;
    .scope S_0x7fd6f4f13290;
T_3 ;
    %wait E_0x7fd6f4f0a4e0;
    %load/vec4 v0x7fd6f4f236e0_0;
    %flag_set/vec4 8;
    %jmp/0xz  T_3.0, 8;
    %pushi/vec4 0, 0, 1;
    %assign/vec4 v0x7fd6f4f231b0_0, 0;
    %jmp T_3.1;
T_3.0 ;
    %load/vec4 v0x7fd6f4f0c7f0_0;
    %cmpi/e 32, 0, 7;
    %jmp/0xz  T_3.2, 4;
    %pushi/vec4 1, 0, 1;
    %assign/vec4 v0x7fd6f4f231b0_0, 0;
    %jmp T_3.3;
T_3.2 ;
    %pushi/vec4 0, 0, 1;
    %assign/vec4 v0x7fd6f4f231b0_0, 0;
T_3.3 ;
T_3.1 ;
    %jmp T_3;
    .thread T_3;
    .scope S_0x7fd6f4f0d440;
T_4 ;
    %vpi_call 2 21 "$dumpfile", "lab11.vcd" {0 0 0};
    %vpi_call 2 22 "$dumpvars" {0 0 0};
    %pushi/vec4 0, 0, 1;
    %store/vec4 v0x7fd6f4f23e00_0, 0, 1;
    %pushi/vec4 0, 0, 1;
    %store/vec4 v0x7fd6f4f23890_0, 0, 1;
    %delay 10000, 0;
    %pushi/vec4 1, 0, 1;
    %store/vec4 v0x7fd6f4f23e00_0, 0, 1;
    %pushi/vec4 30, 0, 64;
    %store/vec4 v0x7fd6f4f23f30_0, 0, 64;
    %pushi/vec4 90, 0, 64;
    %store/vec4 v0x7fd6f4f23fc0_0, 0, 64;
    %delay 20000, 0;
    %pushi/vec4 0, 0, 1;
    %store/vec4 v0x7fd6f4f23e00_0, 0, 1;
    %delay 680000, 0;
    %pushi/vec4 1, 0, 1;
    %store/vec4 v0x7fd6f4f23e00_0, 0, 1;
    %pushi/vec4 30, 0, 64;
    %store/vec4 v0x7fd6f4f23f30_0, 0, 64;
    %pushi/vec4 4294967295, 0, 32;
    %concati/vec4 4294967206, 0, 32;
    %store/vec4 v0x7fd6f4f23fc0_0, 0, 64;
    %delay 20000, 0;
    %pushi/vec4 0, 0, 1;
    %store/vec4 v0x7fd6f4f23e00_0, 0, 1;
    %delay 680000, 0;
    %pushi/vec4 1, 0, 1;
    %store/vec4 v0x7fd6f4f23e00_0, 0, 1;
    %pushi/vec4 4294967295, 0, 32;
    %concati/vec4 4294967266, 0, 32;
    %store/vec4 v0x7fd6f4f23f30_0, 0, 64;
    %pushi/vec4 90, 0, 64;
    %store/vec4 v0x7fd6f4f23fc0_0, 0, 64;
    %delay 20000, 0;
    %pushi/vec4 0, 0, 1;
    %store/vec4 v0x7fd6f4f23e00_0, 0, 1;
    %delay 680000, 0;
    %pushi/vec4 1, 0, 1;
    %store/vec4 v0x7fd6f4f23e00_0, 0, 1;
    %pushi/vec4 4294967295, 0, 32;
    %concati/vec4 4294967266, 0, 32;
    %store/vec4 v0x7fd6f4f23f30_0, 0, 64;
    %pushi/vec4 4294967295, 0, 32;
    %concati/vec4 4294967206, 0, 32;
    %store/vec4 v0x7fd6f4f23fc0_0, 0, 64;
    %delay 20000, 0;
    %pushi/vec4 0, 0, 1;
    %store/vec4 v0x7fd6f4f23e00_0, 0, 1;
    %delay 680000, 0;
    %pushi/vec4 1, 0, 1;
    %store/vec4 v0x7fd6f4f23e00_0, 0, 1;
    %pushi/vec4 90, 0, 64;
    %store/vec4 v0x7fd6f4f23f30_0, 0, 64;
    %pushi/vec4 0, 0, 64;
    %store/vec4 v0x7fd6f4f23fc0_0, 0, 64;
    %delay 20000, 0;
    %pushi/vec4 0, 0, 1;
    %store/vec4 v0x7fd6f4f23e00_0, 0, 1;
    %delay 680000, 0;
    %pushi/vec4 1, 0, 1;
    %store/vec4 v0x7fd6f4f23e00_0, 0, 1;
    %pushi/vec4 4294967295, 0, 32;
    %concati/vec4 4294967206, 0, 32;
    %store/vec4 v0x7fd6f4f23f30_0, 0, 64;
    %pushi/vec4 0, 0, 64;
    %store/vec4 v0x7fd6f4f23fc0_0, 0, 64;
    %delay 20000, 0;
    %pushi/vec4 0, 0, 1;
    %store/vec4 v0x7fd6f4f23e00_0, 0, 1;
    %delay 680000, 0;
    %pushi/vec4 1, 0, 1;
    %store/vec4 v0x7fd6f4f23e00_0, 0, 1;
    %pushi/vec4 0, 0, 64;
    %store/vec4 v0x7fd6f4f23f30_0, 0, 64;
    %pushi/vec4 90, 0, 64;
    %store/vec4 v0x7fd6f4f23fc0_0, 0, 64;
    %delay 20000, 0;
    %pushi/vec4 0, 0, 1;
    %store/vec4 v0x7fd6f4f23e00_0, 0, 1;
    %delay 680000, 0;
    %pushi/vec4 1, 0, 1;
    %store/vec4 v0x7fd6f4f23e00_0, 0, 1;
    %pushi/vec4 0, 0, 64;
    %store/vec4 v0x7fd6f4f23f30_0, 0, 64;
    %pushi/vec4 4294967295, 0, 32;
    %concati/vec4 4294967206, 0, 32;
    %store/vec4 v0x7fd6f4f23fc0_0, 0, 64;
    %delay 20000, 0;
    %pushi/vec4 0, 0, 1;
    %store/vec4 v0x7fd6f4f23e00_0, 0, 1;
    %delay 680000, 0;
    %pushi/vec4 1, 0, 1;
    %store/vec4 v0x7fd6f4f23e00_0, 0, 1;
    %pushi/vec4 0, 0, 64;
    %store/vec4 v0x7fd6f4f23f30_0, 0, 64;
    %pushi/vec4 0, 0, 64;
    %store/vec4 v0x7fd6f4f23fc0_0, 0, 64;
    %delay 20000, 0;
    %pushi/vec4 0, 0, 1;
    %store/vec4 v0x7fd6f4f23e00_0, 0, 1;
    %delay 680000, 0;
    %vpi_call 2 71 "$finish" {0 0 0};
    %end;
    .thread T_4;
    .scope S_0x7fd6f4f0d440;
T_5 ;
    %delay 10000, 0;
    %load/vec4 v0x7fd6f4f23890_0;
    %inv;
    %store/vec4 v0x7fd6f4f23890_0, 0, 1;
    %jmp T_5;
    .thread T_5;
    .scope S_0x7fd6f4f0d440;
T_6 ;
    %wait E_0x7fd6f4f0a4e0;
    %load/vec4 v0x7fd6f4f23e00_0;
    %flag_set/vec4 8;
    %jmp/0xz  T_6.0, 8;
    %pushi/vec4 0, 0, 6;
    %assign/vec4 v0x7fd6f4f239e0_0, 0;
    %load/vec4 v0x7fd6f4f23f30_0;
    %pad/s 32;
    %assign/vec4 v0x7fd6f4f23b10_0, 0;
    %load/vec4 v0x7fd6f4f23fc0_0;
    %pad/s 32;
    %assign/vec4 v0x7fd6f4f23bf0_0, 0;
    %pushi/vec4 0, 0, 65;
    %assign/vec4 v0x7fd6f4f23950_0, 0;
    %pushi/vec4 0, 0, 1;
    %assign/vec4 v0x7fd6f4f23a70_0, 0;
    %jmp T_6.1;
T_6.0 ;
    %load/vec4 v0x7fd6f4f23f30_0;
    %pad/s 65;
    %load/vec4 v0x7fd6f4f23fc0_0;
    %pad/s 65;
    %mul;
    %assign/vec4 v0x7fd6f4f23950_0, 0;
    %load/vec4 v0x7fd6f4f239e0_0;
    %addi 1, 0, 6;
    %assign/vec4 v0x7fd6f4f239e0_0, 0;
    %load/vec4 v0x7fd6f4f23d50_0;
    %pad/u 32;
    %cmpi/e 1, 0, 32;
    %jmp/0xz  T_6.2, 4;
    %load/vec4 v0x7fd6f4f23ca0_0;
    %pad/s 65;
    %load/vec4 v0x7fd6f4f23950_0;
    %cmp/ne;
    %jmp/0xz  T_6.4, 4;
    %pushi/vec4 1, 0, 1;
    %assign/vec4 v0x7fd6f4f23a70_0, 0;
    %vpi_call 2 96 "$display" {0 0 0};
    %vpi_call 2 97 "$display", "// Fail //" {0 0 0};
    %vpi_call 2 98 "$display", "//%d * %d = ?", v0x7fd6f4f23f30_0, v0x7fd6f4f23fc0_0 {0 0 0};
    %vpi_call 2 99 "$display", "//your answer is %d, but correct answer is %d\012", v0x7fd6f4f23ca0_0, v0x7fd6f4f23950_0 {0 0 0};
    %jmp T_6.5;
T_6.4 ;
    %pushi/vec4 0, 0, 1;
    %assign/vec4 v0x7fd6f4f23a70_0, 0;
    %vpi_call 2 106 "$display" {0 0 0};
    %vpi_call 2 107 "$display", "// Successful //" {0 0 0};
    %vpi_call 2 108 "$display", "//%d * %d = ?", v0x7fd6f4f23f30_0, v0x7fd6f4f23fc0_0 {0 0 0};
    %vpi_call 2 109 "$display", "//your answer is %d,  correct answer is %d\012", v0x7fd6f4f23ca0_0, v0x7fd6f4f23950_0 {0 0 0};
T_6.5 ;
T_6.2 ;
T_6.1 ;
    %jmp T_6;
    .thread T_6;
# The file index is used to find the file name in the following table.
:file_names 4;
    "N/A";
    "<interactive>";
    "tb32booth.v";
    "./32booth.v";
